 pH          4.0   4.0   4.0   4.0   4.0
NTR+1A0001_  1.00  1.00  1.00  1.00  1.00
LYS+1A0004_  1.00  1.00  1.00  1.00  1.00
ASP-1A0005_ -0.77 -0.77 -0.77 -0.77 -0.77
TYR-1A0009_ -0.00 -0.00 -0.00 -0.00 -0.00
LYS+1A0013_  1.00  1.00  1.00  1.00  1.00
GLU-1A0014_ -0.69 -0.69 -0.69 -0.69 -0.69
GLU-1A0015_ -0.48 -0.48 -0.48 -0.48 -0.48
LYS+1A0021_  1.00  1.00  1.00  1.00  1.00
CYS-1A0034_ -0.00 -0.00 -0.00 -0.00 -0.00
LYS+1A0041_  1.00  1.00  1.00  1.00  1.00
ASP-1A0042_ -0.14 -0.14 -0.14 -0.14 -0.14
ASP-1A0045_ -1.00 -1.00 -1.00 -1.00 -1.00
GLU-1A0046_ -0.53 -0.53 -0.53 -0.52 -0.52
ASP-1A0051_ -0.00 -0.00 -0.00 -0.00 -0.00
GLU-1A0054_ -0.96 -0.96 -0.96 -0.96 -0.96
ASP-1A0055_ -0.93 -0.93 -0.93 -0.93 -0.93
LYS+1A0056_  1.00  1.00  1.00  1.00  1.00
LYS+1A0058_  1.00  1.00  1.00  1.00  1.00
GLU-1A0060_ -0.24 -0.24 -0.24 -0.24 -0.24
ASP-1A0063_ -0.58 -0.58 -0.58 -0.58 -0.58
HIS+1A0066_  1.00  1.00  1.00  1.00  1.00
ARG+1A0072_  1.00  1.00  1.00  1.00  1.00
LYS+1A0075_  1.00  1.00  1.00  1.00  1.00
LYS+1A0080_  1.00  1.00  1.00  1.00  1.00
ASP-1A0081_ -0.84 -0.84 -0.84 -0.84 -0.84
TYR-1A0082_ -0.00 -0.00 -0.00 -0.00 -0.00
LYS+1A0089_  1.00  1.00  1.00  1.00  1.00
ARG+1A0098_  1.00  1.00  1.00  1.00  1.00
GLU-1A0101_ -0.44 -0.44 -0.44 -0.44 -0.44
GLU-1A0103_ -0.02 -0.02 -0.02 -0.02 -0.02
ARG+1A0105_  1.00  1.00  1.00  1.00  1.00
ARG+1A0111_  1.00  1.00  1.00  1.00  1.00
LYS+1A0117_  1.00  1.00  1.00  1.00  1.00
LYS+1A0125_  1.00  1.00  1.00  1.00  1.00
TYR-1A0126_ -0.00 -0.00 -0.00 -0.00 -0.00
CYS-1A0130_ -0.00 -0.00 -0.00 -0.00 -0.00
LYS+1A0131_  1.00  1.00  1.00  1.00  1.00
ASP-1A0140_ -1.00 -1.00 -1.00 -1.00 -1.00
TYR-1A0144_ -0.00 -0.00 -0.00 -0.00 -0.00
LYS+1A0148_  1.00  1.00  1.00  1.00  1.00
LYS+1A0154_  1.00  1.00  1.00  1.00  1.00
ARG+1A0156_  1.00  1.00  1.00  1.00  1.00
CYS-1A0162_ -0.00 -0.00 -0.00 -0.00 -0.00
ASP-1A0165_ -1.00 -1.00 -1.00 -1.00 -1.00
ARG+1A0168_  1.00  1.00  1.00  1.00  1.00
ARG+1A0170_  1.00  1.00  1.00  1.00  1.00
TYR-1A0171_ -0.00 -0.00 -0.00 -0.00 -0.00
GLU-1A0175_ -0.50 -0.50 -0.50 -0.50 -0.51
ARG+1A0176_  1.00  1.00  1.00  1.00  1.00
HIS+1A0180_  0.99  0.99  0.99  0.99  0.99
CYS-1A0184_ -0.00 -0.00 -0.00 -0.00 -0.00
HIS+1A0185_  1.00  1.00  1.00  1.00  1.00
GLU-1A0191_ -0.56 -0.55 -0.56 -0.56 -0.56
HIS+1A0192_  1.00  1.00  1.00  1.00  1.00
ASP-1A0194_ -0.74 -0.75 -0.75 -0.75 -0.75
LYS+1A0211_  1.00  1.00  1.00  1.00  1.00
HIS+1A0214_  1.00  1.00  1.00  1.00  1.00
ASP-1A0216_ -0.83 -0.83 -0.83 -0.83 -0.83
ASP-1A0220_ -0.88 -0.87 -0.88 -0.88 -0.88
LYS+1A0221_  1.00  1.00  1.00  1.00  1.00
ASP-1A0222_ -1.00 -1.00 -1.00 -1.00 -1.00
LYS+1A0223_  1.00  1.00  1.00  1.00  1.00
GLU-1A0224_ -0.58 -0.58 -0.58 -0.58 -0.58
LYS+1A0227_  1.00  1.00  1.00  1.00  1.00
GLU-1A0228_ -1.00 -1.00 -1.00 -1.00 -1.00
HIS+1A0230_  0.42  0.42  0.42  0.42  0.42
LYS+1A0231_  1.00  1.00  1.00  1.00  1.00
GLU-1A0235_ -0.52 -0.52 -0.52 -0.52 -0.52
TYR-1A0238_ -0.00 -0.00 -0.00 -0.00 -0.00
GLU-1A0239_ -0.32 -0.32 -0.32 -0.32 -0.32
LYS+1A0242_  1.00  1.00  1.00  1.00  1.00
LYS+1A0244_  1.00  1.00  1.00  1.00  1.00
TYR-1A0246_ -0.00 -0.00 -0.00 -0.00 -0.00
ASP-1A0257_ -0.84 -0.84 -0.84 -0.84 -0.84
GLU-1A0260_ -0.58 -0.58 -0.58 -0.58 -0.58
LYS+1A0264_  1.00  1.00  1.00  1.00  1.00
ARG+1A0267_  1.00  1.00  1.00  1.00  1.00
ARG+1A0268_  1.00  1.00  1.00  1.00  1.00
HIS+1A0270_  0.03  0.03  0.03  0.03  0.03
LYS+1A0277_  1.00  1.00  1.00  1.00  1.00
TYR-1A0280_ -0.00 -0.00 -0.00 -0.00 -0.00
LYS+1A0283_  1.00  1.00  1.00  1.00  1.00
ASP-1A0284_ -0.53 -0.53 -0.53 -0.53 -0.53
ASP-1A0285_ -0.51 -0.52 -0.51 -0.51 -0.51
CYS-1A0292_ -0.00 -0.00 -0.00 -0.00 -0.00
ASP-1A0301_ -0.40 -0.40 -0.40 -0.40 -0.40
LYS+1A0304_  1.00  1.00  1.00  1.00  1.00
GLU-1A0310_ -0.64 -0.64 -0.64 -0.65 -0.64
GLU-1A0311_ -0.69 -0.69 -0.69 -0.69 -0.69
GLU-1A0312_ -0.54 -0.55 -0.54 -0.54 -0.54
ARG+1A0314_  1.00  1.00  1.00  1.00  1.00
LYS+1A0316_  1.00  1.00  1.00  1.00  1.00
LYS+1A0317_  1.00  1.00  1.00  1.00  1.00
ASP-1A0320_ -0.64 -0.65 -0.65 -0.65 -0.65
LYS+1A0327_  1.00  1.00  1.00  1.00  1.00
GLU-1A0328_ -0.57 -0.57 -0.57 -0.57 -0.57
CTR-1A0331_ -0.61 -0.61 -0.61 -0.61 -0.61
NAI-aA0801_ -0.00 -0.00 -0.00 -0.00 -0.00
NAI-AA0801_ -0.00 -0.00 -0.00 -0.00 -0.00
NAI-BA0801_ -0.00 -0.00 -0.00 -0.00 -0.00
NAI-1A0801_ -0.00 -0.00 -0.00 -0.00 -0.00
NAI-CA0801_ -3.00 -3.00 -3.00 -3.00 -3.00
AKG-aB0001_ -0.00 -0.00 -0.00 -0.00 -0.00
AKG-1B0001_ -1.00 -1.00 -1.00 -1.00 -1.00
----------
Tot Protn 22.31 22.34 22.32 22.31 22.32
Tot Elec   0.00  0.00  0.00  0.00  0.00
Net crg   18.31 18.33 18.32 18.31 18.32
