 pH          6.6   6.6   6.6   6.6   6.6
NTR+1A0001_  0.93  0.93  0.93  0.93  0.93
LYS+1A0004_  1.00  1.00  1.00  1.00  1.00
ASP-1A0005_ -1.00 -1.00 -1.00 -1.00 -1.00
TYR-1A0009_ -0.00 -0.00 -0.00 -0.00 -0.00
LYS+1A0013_  1.00  1.00  1.00  1.00  1.00
GLU-1A0014_ -1.00 -1.00 -1.00 -1.00 -1.00
GLU-1A0015_ -1.00 -0.99 -0.99 -0.99 -0.99
LYS+1A0021_  1.00  1.00  1.00  1.00  1.00
CYS-1A0034_ -0.00 -0.00 -0.00 -0.00 -0.00
LYS+1A0041_  1.00  1.00  1.00  1.00  1.00
ASP-1A0042_ -0.97 -0.97 -0.97 -0.97 -0.97
ASP-1A0045_ -1.00 -1.00 -1.00 -1.00 -1.00
GLU-1A0046_ -0.99 -0.99 -0.99 -0.99 -1.00
ASP-1A0051_ -0.00 -0.00 -0.00 -0.00 -0.00
GLU-1A0054_ -1.00 -1.00 -1.00 -1.00 -1.00
ASP-1A0055_ -1.00 -1.00 -1.00 -1.00 -1.00
LYS+1A0056_  1.00  1.00  1.00  1.00  1.00
LYS+1A0058_  1.00  1.00  1.00  1.00  1.00
GLU-1A0060_ -0.98 -0.98 -0.98 -0.98 -0.98
ASP-1A0063_ -0.99 -0.99 -0.99 -0.99 -0.99
HIS+1A0066_  0.94  0.94  0.94  0.94  0.94
ARG+1A0072_  1.00  1.00  1.00  1.00  1.00
LYS+1A0075_  1.00  1.00  1.00  1.00  1.00
LYS+1A0080_  1.00  1.00  1.00  1.00  1.00
ASP-1A0081_ -1.00 -1.00 -1.00 -1.00 -1.00
TYR-1A0082_ -0.00 -0.00 -0.00 -0.00 -0.00
LYS+1A0089_  0.99  0.99  0.99  0.99  0.99
ARG+1A0098_  1.00  1.00  1.00  1.00  1.00
GLU-1A0101_ -0.99 -0.99 -0.99 -0.99 -0.99
GLU-1A0103_ -0.80 -0.80 -0.80 -0.80 -0.80
ARG+1A0105_  1.00  1.00  1.00  1.00  1.00
ARG+1A0111_  1.00  1.00  1.00  1.00  1.00
LYS+1A0117_  1.00  1.00  1.00  1.00  1.00
LYS+1A0125_  1.00  1.00  1.00  1.00  1.00
TYR-1A0126_ -0.00 -0.00 -0.00 -0.00 -0.00
CYS-1A0130_ -0.00 -0.00 -0.00 -0.00 -0.00
LYS+1A0131_  0.99  0.99  0.99  0.99  0.99
ASP-1A0140_ -1.00 -1.00 -1.00 -1.00 -1.00
TYR-1A0144_ -0.00 -0.00 -0.00 -0.00 -0.00
LYS+1A0148_  1.00  1.00  1.00  1.00  1.00
LYS+1A0154_  1.00  1.00  1.00  1.00  1.00
ARG+1A0156_  1.00  1.00  1.00  1.00  1.00
CYS-1A0162_ -0.00 -0.00 -0.00 -0.00 -0.00
ASP-1A0165_ -1.00 -1.00 -1.00 -1.00 -1.00
ARG+1A0168_  1.00  1.00  1.00  1.00  1.00
ARG+1A0170_  1.00  1.00  1.00  1.00  1.00
TYR-1A0171_ -0.00 -0.00 -0.00 -0.00 -0.00
GLU-1A0175_ -1.00 -1.00 -0.99 -1.00 -1.00
ARG+1A0176_  1.00  1.00  1.00  1.00  1.00
HIS+1A0180_  0.30  0.30  0.30  0.30  0.30
CYS-1A0184_ -0.00 -0.00 -0.00 -0.00 -0.00
HIS+1A0185_  0.79  0.80  0.79  0.79  0.80
GLU-1A0191_ -0.98 -0.97 -0.98 -0.97 -0.98
HIS+1A0192_  1.00  1.00  1.00  1.00  1.00
ASP-1A0194_ -0.99 -0.98 -0.99 -0.98 -0.98
LYS+1A0211_  1.00  1.00  1.00  1.00  1.00
HIS+1A0214_  0.96  0.96  0.96  0.96  0.96
ASP-1A0216_ -1.00 -1.00 -1.00 -1.00 -1.00
ASP-1A0220_ -1.00 -1.00 -1.00 -1.00 -1.00
LYS+1A0221_  1.00  1.00  1.00  1.00  1.00
ASP-1A0222_ -1.00 -1.00 -1.00 -1.00 -1.00
LYS+1A0223_  1.00  1.00  1.00  1.00  1.00
GLU-1A0224_ -1.00 -1.00 -0.99 -0.99 -1.00
LYS+1A0227_  1.00  1.00  1.00  1.00  1.00
GLU-1A0228_ -1.00 -1.00 -1.00 -1.00 -1.00
HIS+1A0230_  0.01  0.01  0.01  0.01  0.01
LYS+1A0231_  1.00  1.00  1.00  1.00  1.00
GLU-1A0235_ -0.99 -0.99 -0.98 -0.99 -0.99
TYR-1A0238_ -0.00 -0.00 -0.00 -0.00 -0.00
GLU-1A0239_ -0.98 -0.98 -0.98 -0.98 -0.98
LYS+1A0242_  1.00  1.00  1.00  1.00  1.00
LYS+1A0244_  0.99  0.99  0.99  0.99  0.99
TYR-1A0246_ -0.00 -0.00 -0.00 -0.00 -0.00
ASP-1A0257_ -1.00 -1.00 -1.00 -1.00 -1.00
GLU-1A0260_ -0.99 -0.99 -0.99 -0.99 -0.99
LYS+1A0264_  1.00  1.00  1.00  1.00  1.00
ARG+1A0267_  1.00  1.00  1.00  1.00  1.00
ARG+1A0268_  1.00  1.00  1.00  1.00  1.00
HIS+1A0270_  0.00  0.00  0.00  0.00  0.00
LYS+1A0277_  1.00  1.00  1.00  1.00  1.00
TYR-1A0280_ -0.00 -0.00 -0.00 -0.00 -0.00
LYS+1A0283_  1.00  1.00  1.00  1.00  1.00
ASP-1A0284_ -0.99 -0.99 -0.99 -0.99 -0.99
ASP-1A0285_ -0.99 -0.99 -0.99 -0.99 -0.99
CYS-1A0292_ -0.00 -0.00 -0.00 -0.00 -0.00
ASP-1A0301_ -0.99 -0.99 -0.99 -0.99 -0.99
LYS+1A0304_  1.00  1.00  1.00  1.00  1.00
GLU-1A0310_ -0.99 -0.99 -0.99 -0.99 -1.00
GLU-1A0311_ -0.99 -0.99 -0.99 -0.99 -0.99
GLU-1A0312_ -1.00 -1.00 -1.00 -1.00 -1.00
ARG+1A0314_  1.00  1.00  1.00  1.00  1.00
LYS+1A0316_  1.00  1.00  1.00  1.00  1.00
LYS+1A0317_  1.00  1.00  1.00  1.00  1.00
ASP-1A0320_ -1.00 -1.00 -1.00 -1.00 -1.00
LYS+1A0327_  1.00  1.00  1.00  1.00  1.00
GLU-1A0328_ -1.00 -1.00 -1.00 -1.00 -1.00
CTR-1A0331_ -1.00 -1.00 -1.00 -1.00 -1.00
NAI-aA0801_ -0.00 -0.00 -0.00 -0.00 -0.00
NAI-AA0801_ -0.00 -0.00 -0.00 -0.00 -0.00
NAI-BA0801_ -0.00 -0.00 -0.00 -0.00 -0.00
NAI-1A0801_ -0.00 -0.00 -0.00 -0.00 -0.00
NAI-CA0801_ -3.00 -3.00 -3.00 -3.00 -3.00
AKG-aB0001_ -0.00 -0.00 -0.00 -0.00 -0.00
AKG-1B0001_ -1.00 -1.00 -1.00 -1.00 -1.00
----------
Tot Protn  8.32  8.34  8.36  8.34  8.33
Tot Elec   0.00  0.00  0.00  0.00  0.00
Net crg    4.32  4.34  4.36  4.34  4.32
