CHARGE   NTR01  HA      0.000
CHARGE   ALA01  CB      0.000
CHARGE   ALA01 1HB      0.000
CHARGE   ALA01 2HB      0.000
CHARGE   ALA01 3HB      0.000
CHARGE   THRBK  HA      0.000
CHARGE   THR01  HB      0.000
CHARGE   THR01 1HG2     0.000
CHARGE   THR01 2HG2     0.000
CHARGE   THR01 3HG2     0.000
CHARGE   LEUBK  HA      0.000
CHARGE   LEU01  CB      0.000
CHARGE   LEU01 1HB      0.000
CHARGE   LEU01 2HB      0.000
CHARGE   LEU01  CG      0.000
CHARGE   LEU01  HG      0.000
CHARGE   LEU01  CD1     0.000
CHARGE   LEU01 1HD1     0.000
CHARGE   LEU01 2HD1     0.000
CHARGE   LEU01 3HD1     0.000
CHARGE   LEU01  CD2     0.000
CHARGE   LEU01 1HD2     0.000
CHARGE   LEU01 2HD2     0.000
CHARGE   LEU01 3HD2     0.000
CHARGE   LYSBK  HA      0.000
CHARGE   LYS01 1HB      0.000
CHARGE   LYS01 2HB      0.000
CHARGE   LYS01  CG      0.000
CHARGE   LYS01 1HG      0.000
CHARGE   LYS01 2HG      0.000
CHARGE   LYS01 1HD      0.000
CHARGE   LYS01 2HD      0.000
CHARGE   LYS01 1HE      0.000
CHARGE   LYS01 2HE      0.000
CHARGE   ASPBK  HA      0.000
CHARGE   ASP01  CB      0.000
CHARGE   ASP01 1HB      0.000
CHARGE   ASP01 2HB      0.000
CHARGE   GLNBK  HA      0.000
CHARGE   GLN01  CB      0.000
CHARGE   GLN01 1HB      0.000
CHARGE   GLN01 2HB      0.000
CHARGE   GLN01  CG      0.000
CHARGE   GLN01 1HG      0.000
CHARGE   GLN01 2HG      0.000
CHARGE   ILEBK  HA      0.000
CHARGE   ILE01  CB      0.000
CHARGE   ILE01  HB      0.000
CHARGE   ILE01  CG1     0.000
CHARGE   ILE01 1HG1     0.000
CHARGE   ILE01 2HG1     0.000
CHARGE   ILE01  CG2     0.000
CHARGE   ILE01 1HG2     0.000
CHARGE   ILE01 2HG2     0.000
CHARGE   ILE01 3HG2     0.000
CHARGE   ILE01  CD1     0.000
CHARGE   ILE01 1HD1     0.000
CHARGE   ILE01 2HD1     0.000
CHARGE   ILE01 3HD1     0.000
CHARGE   TYRBK  HA      0.000
CHARGE   TYR01 1HB      0.000
CHARGE   TYR01 2HB      0.000
CHARGE   ASNBK  HA      0.000
CHARGE   ASN01  CB      0.000
CHARGE   ASN01 1HB      0.000
CHARGE   ASN01 2HB      0.000
CHARGE   GLUBK  HA      0.000
CHARGE   GLU01  CB      0.000
CHARGE   GLU01 1HB      0.000
CHARGE   GLU01 2HB      0.000
CHARGE   GLU01  CG      0.000
CHARGE   GLU01 1HG      0.000
CHARGE   GLU01 2HG      0.000
CHARGE   PROBK  HA      0.000
CHARGE   PRO01  CB      0.000
CHARGE   PRO01 1HB      0.000
CHARGE   PRO01 2HB      0.000
CHARGE   PRO01  CG      0.000
CHARGE   PRO01 1HG      0.000
CHARGE   PRO01 2HG      0.000
CHARGE   PRO01  CD      0.000
CHARGE   PRO01 1HD      0.000
CHARGE   PRO01 2HD      0.000
CHARGE   VALBK  HA      0.000
CHARGE   VAL01  CB      0.000
CHARGE   VAL01  HB      0.000
CHARGE   VAL01  CG1     0.000
CHARGE   VAL01 1HG1     0.000
CHARGE   VAL01 2HG1     0.000
CHARGE   VAL01 3HG1     0.000
CHARGE   VAL01  CG2     0.000
CHARGE   VAL01 1HG2     0.000
CHARGE   VAL01 2HG2     0.000
CHARGE   VAL01 3HG2     0.000
CHARGE   GLYBK 1HA      0.000
CHARGE   GLYBK 2HA      0.000
CHARGE   ALABK  HA      0.000
CHARGE   METBK  HA      0.000
CHARGE   MET01  CB      0.000
CHARGE   MET01 1HB      0.000
CHARGE   MET01 2HB      0.000
CHARGE   MET01 1HG      0.000
CHARGE   MET01 2HG      0.000
CHARGE   MET01 1HE      0.000
CHARGE   MET01 2HE      0.000
CHARGE   MET01 3HE      0.000
CHARGE   CYSBK  HA      0.000
CHARGE   CYS01  CB      0.000
CHARGE   CYS01 1HB      0.000
CHARGE   CYS01 2HB      0.000
CHARGE   SERBK  HA      0.000
CHARGE   SER01 1HB      0.000
CHARGE   SER01 2HB      0.000
CHARGE   HISBK  HA      0.000
CHARGE   HIS01 1HB      0.000
CHARGE   HIS01 2HB      0.000
CHARGE   PHEBK  HA      0.000
CHARGE   PHE01  CB      0.000
CHARGE   PHE01 1HB      0.000
CHARGE   PHE01 2HB      0.000
CHARGE   PHE01  CG      0.000
CHARGE   PHE01  CD1     0.000
CHARGE   PHE01  HD1     0.000
CHARGE   PHE01  CD2     0.000
CHARGE   PHE01  HD2     0.000
CHARGE   PHE01  CE1     0.000
CHARGE   PHE01  HE1     0.000
CHARGE   PHE01  CE2     0.000
CHARGE   PHE01  HE2     0.000
CHARGE   PHE01  CZ      0.000
CHARGE   PHE01  HZ      0.000
CHARGE   ARGBK  HA      0.000
CHARGE   ARG01  CB      0.000
CHARGE   ARG01 1HB      0.000
CHARGE   ARG01 2HB      0.000
CHARGE   ARG01  CG      0.000
CHARGE   ARG01 1HG      0.000
CHARGE   ARG01 2HG      0.000
CHARGE   ARG01 1HD      0.000
CHARGE   ARG01 2HD      0.000
CHARGE   TRPBK  HA      0.000
CHARGE   TRP01  CB      0.000
CHARGE   TRP01 1HB      0.000
CHARGE   TRP01 2HB      0.000
CHARGE   TRP01  CG      0.000
CHARGE   TRP01  CD1     0.000
CHARGE   TRP01  HD1     0.000
CHARGE   TRP01  CD2     0.000
CHARGE   TRP01  NE1     0.000
CHARGE   TRP01  HE1     0.000
CHARGE   TRP01  CE2     0.000
CHARGE   TRP01  CE3     0.000
CHARGE   TRP01  HE3     0.000
CHARGE   TRP01  CZ2     0.000
CHARGE   TRP01  HZ2     0.000
CHARGE   TRP01  CZ3     0.000
CHARGE   TRP01  HZ3     0.000
CHARGE   TRP01  CH2     0.000
CHARGE   TRP01  HH2     0.000
CHARGE   NTR+1  HA      0.000
CHARGE   LYS+1 1HB      0.000
CHARGE   LYS+1 2HB      0.000
CHARGE   LYS+1  CG      0.000
CHARGE   LYS+1 1HG      0.000
CHARGE   LYS+1 2HG      0.000
CHARGE   LYS+1 1HD      0.000
CHARGE   LYS+1 2HD      0.000
CHARGE   LYS+1 1HE      0.000
CHARGE   LYS+1 2HE      0.000
CHARGE   ASP-1  CB      0.000
CHARGE   ASP-1 1HB      0.000
CHARGE   ASP-1 2HB      0.000
CHARGE   ASP02  CB      0.000
CHARGE   ASP02 1HB      0.000
CHARGE   ASP02 2HB      0.000
CHARGE   TYR-1 1HB      0.000
CHARGE   TYR-1 2HB      0.000
CHARGE   GLU-1  CB      0.000
CHARGE   GLU-1 1HB      0.000
CHARGE   GLU-1 2HB      0.000
CHARGE   GLU-1 1HG      0.000
CHARGE   GLU-1 2HG      0.000
CHARGE   GLU02  CB      0.000
CHARGE   GLU02 1HB      0.000
CHARGE   GLU02 2HB      0.000
CHARGE   GLU02  CG      0.000
CHARGE   GLU02 1HG      0.000
CHARGE   GLU02 2HG      0.000
CHARGE   CYS-1 1HB      0.000
CHARGE   CYS-1 2HB      0.000
CHARGE   HIS+1 1HB      0.000
CHARGE   HIS+1 2HB      0.000
CHARGE   HIS02 1HB      0.000
CHARGE   HIS02 2HB      0.000
CHARGE   ARG+1  CB      0.000
CHARGE   ARG+1 1HB      0.000
CHARGE   ARG+1 2HB      0.000
CHARGE   ARG+1  CG      0.000
CHARGE   ARG+1 1HG      0.000
CHARGE   ARG+1 2HG      0.000
CHARGE   ARG+1 1HD      0.000
CHARGE   ARG+1 2HD      0.000
CHARGE   ARG03  CB      0.000
CHARGE   ARG03 1HB      0.000
CHARGE   ARG03 2HB      0.000
CHARGE   ARG03  CG      0.000
CHARGE   ARG03 1HG      0.000
CHARGE   ARG03 2HG      0.000
CHARGE   ARG03 1HD      0.000
CHARGE   ARG03 2HD      0.000
CHARGE   ARG02  CB      0.000
CHARGE   ARG02 1HB      0.000
CHARGE   ARG02 2HB      0.000
CHARGE   ARG02  CG      0.000
CHARGE   ARG02 1HG      0.000
CHARGE   ARG02 2HG      0.000
CHARGE   ARG02 1HD      0.000
CHARGE   ARG02 2HD      0.000
