can't open entries file
Wed Sep 14 16:31:31 2016

               run.prm var name              run.prm var value	                init.c var name               init.c var value
                        (INPDB)             combined_fixed.pdb	                      env.inpdb             combined_fixed.pdb
                   (DO_PREMCCE)                              f	                 env.do_premcce                              0
                  (DO_ROTAMERS)                              f	                env.do_rotamers                              0
                    (DO_ENERGY)                              f	                env.do_energies                              0
                     (DO_MONTE)                              t	                   env.do_monte                              1
                (SIDECHAIN_OPT)                              0	              env.sidechain_opt                              0
                   (PBE_SOLVER)                         delphi	                 env.pbe_solver                         delphi
                   (RXN_METHOD)                        surface	                 env.rxn_method                        surface
                 (EPSILON_PROT)                            4.0	               env.epsilon_prot                       4.000000
                        (EXTRA) /home/mcce/mcce2.5.1/extra.tpl	                      env.extra /home/mcce/mcce2.5.1/extra.tpl
                 (RENAME_RULES)  /home/mcce/mcce2.5.1/name.txt	               env.rename_rules  /home/mcce/mcce2.5.1/name.txt
                    (TITR_TYPE)                             ph	                  env.titr_type                            112
                     (TITR_PH0)                            4.0	                   env.titr_ph0                       4.000000
                     (TITR_PHD)                            0.0	                   env.titr_phd                       0.000000
                     (TITR_EH0)                            0.0	                   env.titr_eh0                       0.000000
                     (TITR_EHD)                           30.0	                   env.titr_ehd                      30.000000
                   (TITR_STEPS)                              5	                 env.titr_steps                              5
                    (MCCE_HOME)                             ..	                  env.mcce_home                             ..
                (MINIMIZE_SIZE)                              t	              env.minimize_size                              1
                    (TERMINALS)                              t	                  env.terminals                              1
               (CLASH_DISTANCE)                            2.0	             env.clash_distance                       2.000000
                (H2O_SASCUTOFF)                           0.05	              env.h2o_sascutoff                       0.050000
                (IPECE_ADD_MEM)                              f	                      env.ipece                       67684928
          (IPECE_MEM_THICKNESS)                            33.	                      env.ipece                       0.000000
            (IPECE_MEM_CHAINID)                              M	                      env.ipece                       67684928
               (IGNORE_INPUT_H)                      t		ignore	             env.ignore_input_h                              1
                   (ROT_SPECIF)                              f	                 env.rot_specif                              0
                   (REBUILD_SC)                              f	                 env.rebuild_sc                              0
                     (ROT_SWAP)                              t	                   env.rot_swap                              1
                         (PACK)                              t	                       env.pack                              1
                    (ROTATIONS)                              6	                  env.rotations                              6
                   (SAS_CUTOFF)                           1.00	                 env.sas_cutoff                       1.000000
                   (VDW_CUTOFF)                           10.0	                 env.vdw_cutoff                      10.000000
                      (REPACKS)                           5000	                    env.repacks                           5000
                (REPACK_CUTOFF)                           0.01	              env.repack_cutoff                       0.010000
                    (HDIRECTED)                              t	                  env.hdirected                              1
                     (HDIRDIFF)                            1.0	                   env.hdirdiff                       1.000000
                     (HDIRLIMT)                             36	                   env.hdirlimt                             36
              (HV_RELAX_NCYCLE)                              3	            env.hv_relax_ncycle                              3
                  (HV_RELAX_DT)                              4	                env.hv_relax_dt                       4.000000
               (HV_RELAX_NITER)                            100	             env.hv_relax_niter                            100
             (HV_RELAX_VDW_THR)                             2.	           env.hv_relax_vdw_thr                       2.000000
          (HV_RELAX_HV_VDW_THR)                            10.	        env.hv_relax_hv_vdw_thr                      10.000000
                (HV_TORS_SCALE)                            20.	              env.hv_tors_scale                      20.000000
             (HV_RELAX_N_SHAKE)                          10000	           env.hv_relax_n_shake                          10000
          (HV_RELAX_CONSTRAINT)                            1.0	        env.hv_relax_constraint                       1.000000
      (HV_RELAX_CONSTRAINT_FRC)                            20.	    env.hv_relax_constraint_frc                      20.000000
            (HV_RELAX_ELEC_THR)                           -2.0	          env.hv_relax_elec_thr                      -2.000000
        (HV_RELAX_ELEC_CRG_THR)                            0.3	      env.hv_relax_elec_crg_thr                       0.300000
       (HV_RELAX_ELEC_DIST_THR)                            2.0	     env.hv_relax_elec_dist_thr                       2.000000
                      (RELAX_H)                              t	                    env.relax_h                              1
                  (RELAX_E_THR)                           -1.0	                env.relax_e_thr                      -1.000000
                (RELAX_NSTATES)                            100	              env.relax_nstates                            100
                  (RELAX_N_HYD)                             72	                env.relax_n_hyd                             72
              (RELAX_CLASH_THR)                             5.	            env.relax_clash_thr                       5.000000
                    (RELAX_PHI)                            1.0	                  env.relax_phi                       0.017453
                  (RELAX_NITER)                            300	                env.relax_niter                            300
               (RELAX_TORQ_THR)                            0.5	             env.relax_torq_thr                       0.500000
                 (EPSILON_SOLV)                           80.0	               env.epsilon_solv                      80.000000
                 (GRIDS_DELPHI)                             65	               env.grids_delphi                             65
                (GRIDS_PER_ANG)                            2.0	              env.grids_per_ang                       2.000000
                 (RADIUS_PROBE)                            1.4	               env.radius_probe                       1.400000
                       (IONRAD)                            2.0	                     env.ionrad                       2.000000
                         (SALT)                           0.15	                       env.salt                       0.150000
                   (DELPHI_EXE)  /home/mcce/mcce3.5/bin/delphi	                 env.delphi_exe  /home/mcce/mcce3.5/bin/delphi
                     (APBS_EXE)   #/home/mcce/mcce3.0/bin/apbs	                   env.apbs_exe                           apbs
                (MONTE_ADV_OPT)                              t	              env.monte_adv_opt                              1
                 (BIG_PAIRWISE)                            5.0	               env.big_pairwise                       5.000000
                   (MONTE_SEED)                             -1	                 env.monte_seed                             -1
                      (MONTE_T)                         298.15	                 env.monte_temp                     298.149994
                  (MONTE_FLIPS)                              3	                env.monte_flips                              3
                 (MONTE_NSTART)                            100	               env.monte_nstart                            100
                    (MONTE_NEQ)                            300	                  env.monte_neq                            300
                 (MONTE_REDUCE)                          0.001	               env.monte_reduce                       0.001000
                   (MONTE_RUNS)                              6	                 env.monte_runs                              6
                  (MONTE_NITER)                           2000	                env.monte_niter                           2000
                  (MONTE_TRACE)                          50000	                env.monte_trace                          50000
                   (NSTATE_MAX)                        1000000	                 env.nstate_max                        1000000
                    (MONTE_TSX)                              t	                  env.monte_tsx                              1
                    (MFE_POINT)                            7.4	                   env.mfe_flag                       0.000000
                   (MFE_CUTOFF)                           -1.0	                 env.mfe_cutoff                      -1.000000
                    (PBE_START)                              1	                  env.pbe_start                              1
                      (PBE_END)                          99999	                    env.pbe_end                          99999
              (EPSILON_COULOMB)                            6.0	            env.epsilon_coulomb                       6.000000
                   (GRIDS_APBS)                             65	                 env.grids_apbs                             65
                 (SURFACE_APBS)                            mol	                       env.srfm                            mol
                 (CHARGES_APBS)                           spl0	                       env.chgm                           spl0
              (BOUND_COND_APBS)                            sdh	                       env.bcfl                            sdh
