 pH         10.0  10.0  10.0  10.0  10.0
NTR+1A0001_  0.01  0.01  0.01  0.01  0.01
LYS+1A0004_  0.92  0.92  0.92  0.92  0.92
ASP-1A0005_ -1.00 -1.00 -1.00 -1.00 -1.00
TYR-1A0009_ -0.45 -0.45 -0.45 -0.45 -0.45
LYS+1A0013_  0.87  0.87  0.87  0.87  0.87
GLU-1A0014_ -1.00 -1.00 -1.00 -1.00 -1.00
GLU-1A0015_ -1.00 -1.00 -1.00 -1.00 -1.00
LYS+1A0021_  0.99  0.99  0.99  0.99  0.99
CYS-1A0034_ -0.00 -0.00 -0.00 -0.00 -0.00
LYS+1A0041_  0.99  0.99  0.99  0.99  0.99
ASP-1A0042_ -1.00 -1.00 -1.00 -1.00 -1.00
ASP-1A0045_ -1.00 -1.00 -1.00 -1.00 -1.00
GLU-1A0046_ -1.00 -1.00 -1.00 -1.00 -1.00
ASP-1A0051_ -0.07 -0.07 -0.07 -0.07 -0.07
GLU-1A0054_ -1.00 -1.00 -1.00 -1.00 -1.00
ASP-1A0055_ -1.00 -1.00 -1.00 -1.00 -1.00
LYS+1A0056_  0.98  0.98  0.98  0.98  0.98
LYS+1A0058_  0.92  0.92  0.92  0.92  0.92
GLU-1A0060_ -1.00 -1.00 -1.00 -1.00 -1.00
ASP-1A0063_ -1.00 -1.00 -1.00 -1.00 -1.00
HIS+1A0066_  0.01  0.01  0.01  0.01  0.01
ARG+1A0072_  1.00  1.00  1.00  1.00  1.00
LYS+1A0075_  0.94  0.93  0.94  0.94  0.94
LYS+1A0080_  0.97  0.97  0.97  0.97  0.97
ASP-1A0081_ -1.00 -1.00 -1.00 -1.00 -1.00
TYR-1A0082_ -0.00 -0.00 -0.00 -0.00 -0.00
LYS+1A0089_  0.43  0.43  0.43  0.43  0.44
ARG+1A0098_  1.00  1.00  1.00  1.00  1.00
GLU-1A0101_ -1.00 -1.00 -1.00 -1.00 -1.00
GLU-1A0103_ -1.00 -1.00 -1.00 -1.00 -1.00
ARG+1A0105_  1.00  1.00  1.00  1.00  1.00
ARG+1A0111_  1.00  1.00  1.00  1.00  1.00
LYS+1A0117_  0.93  0.93  0.93  0.93  0.93
LYS+1A0125_  0.85  0.85  0.86  0.86  0.85
TYR-1A0126_ -0.12 -0.12 -0.12 -0.12 -0.12
CYS-1A0130_ -0.00 -0.00 -0.00 -0.00 -0.00
LYS+1A0131_  0.11  0.11  0.11  0.11  0.11
ASP-1A0140_ -1.00 -1.00 -1.00 -1.00 -1.00
TYR-1A0144_ -0.01 -0.01 -0.01 -0.01 -0.01
LYS+1A0148_  0.94  0.95  0.95  0.95  0.95
LYS+1A0154_  0.73  0.72  0.73  0.73  0.72
ARG+1A0156_  1.00  1.00  1.00  1.00  1.00
CYS-1A0162_ -0.00 -0.00 -0.00 -0.00 -0.00
ASP-1A0165_ -1.00 -1.00 -1.00 -1.00 -1.00
ARG+1A0168_  1.00  1.00  1.00  1.00  1.00
ARG+1A0170_  1.00  1.00  1.00  1.00  1.00
TYR-1A0171_ -0.52 -0.52 -0.52 -0.52 -0.52
GLU-1A0175_ -1.00 -1.00 -1.00 -1.00 -1.00
ARG+1A0176_  1.00  1.00  1.00  1.00  1.00
HIS+1A0180_  0.00  0.00  0.00  0.00  0.00
CYS-1A0184_ -0.00 -0.00 -0.00 -0.00 -0.00
HIS+1A0185_  0.00  0.00  0.00  0.00  0.00
GLU-1A0191_ -1.00 -1.00 -1.00 -1.00 -1.00
HIS+1A0192_  1.00  1.00  1.00  1.00  1.00
ASP-1A0194_ -1.00 -1.00 -1.00 -1.00 -1.00
LYS+1A0211_  0.78  0.78  0.78  0.78  0.78
HIS+1A0214_  0.02  0.02  0.02  0.02  0.02
ASP-1A0216_ -1.00 -1.00 -1.00 -1.00 -1.00
ASP-1A0220_ -1.00 -1.00 -1.00 -1.00 -1.00
LYS+1A0221_  0.90  0.91  0.91  0.90  0.90
ASP-1A0222_ -1.00 -1.00 -1.00 -1.00 -1.00
LYS+1A0223_  0.88  0.88  0.88  0.88  0.88
GLU-1A0224_ -1.00 -1.00 -1.00 -1.00 -1.00
LYS+1A0227_  0.97  0.97  0.97  0.97  0.97
GLU-1A0228_ -1.00 -1.00 -1.00 -1.00 -1.00
HIS+1A0230_  0.00  0.00  0.00  0.00  0.00
LYS+1A0231_  0.99  0.99  0.99  0.99  1.00
GLU-1A0235_ -1.00 -1.00 -1.00 -1.00 -1.00
TYR-1A0238_ -0.01 -0.01 -0.01 -0.01 -0.01
GLU-1A0239_ -1.00 -1.00 -1.00 -1.00 -1.00
LYS+1A0242_  0.98  0.98  0.98  0.98  0.98
LYS+1A0244_  0.14  0.15  0.15  0.14  0.14
TYR-1A0246_ -0.04 -0.04 -0.04 -0.04 -0.04
ASP-1A0257_ -1.00 -1.00 -1.00 -1.00 -1.00
GLU-1A0260_ -1.00 -1.00 -1.00 -1.00 -1.00
LYS+1A0264_  0.93  0.92  0.92  0.92  0.92
ARG+1A0267_  1.00  1.00  1.00  1.00  1.00
ARG+1A0268_  1.00  1.00  1.00  1.00  1.00
HIS+1A0270_  0.00  0.00  0.00  0.00  0.00
LYS+1A0277_  0.91  0.91  0.91  0.91  0.91
TYR-1A0280_ -0.00 -0.00 -0.00 -0.00 -0.00
LYS+1A0283_  0.83  0.83  0.83  0.83  0.83
ASP-1A0284_ -1.00 -1.00 -1.00 -1.00 -1.00
ASP-1A0285_ -1.00 -1.00 -1.00 -1.00 -1.00
CYS-1A0292_ -0.00 -0.00 -0.00 -0.00 -0.00
ASP-1A0301_ -1.00 -1.00 -1.00 -1.00 -1.00
LYS+1A0304_  0.85  0.85  0.85  0.86  0.85
GLU-1A0310_ -1.00 -1.00 -1.00 -1.00 -1.00
GLU-1A0311_ -1.00 -1.00 -1.00 -1.00 -1.00
GLU-1A0312_ -1.00 -1.00 -1.00 -1.00 -1.00
ARG+1A0314_  1.00  1.00  1.00  1.00  1.00
LYS+1A0316_  0.85  0.85  0.85  0.85  0.85
LYS+1A0317_  0.89  0.89  0.89  0.89  0.89
ASP-1A0320_ -1.00 -1.00 -1.00 -1.00 -1.00
LYS+1A0327_  0.71  0.72  0.72  0.72  0.72
GLU-1A0328_ -1.00 -1.00 -1.00 -1.00 -1.00
CTR-1A0331_ -1.00 -1.00 -1.00 -1.00 -1.00
NAI-aA0801_ -0.00 -0.00 -0.00 -0.00 -0.00
NAI-AA0801_ -0.00 -0.00 -0.00 -0.00 -0.00
NAI-BA0801_ -0.00 -0.00 -0.00 -0.00 -0.00
NAI-1A0801_ -0.00 -0.00 -0.00 -0.00 -0.00
NAI-CA0801_ -3.00 -3.00 -3.00 -3.00 -3.00
AKG-aB0001_ -0.00 -0.00 -0.00 -0.00 -0.00
AKG-1B0001_ -1.00 -1.00 -1.00 -1.00 -1.00
----------
Tot Protn -1.97 -1.97 -1.96 -1.97 -1.96
Tot Elec   0.00  0.00  0.00  0.00  0.00
Net crg   -5.98 -5.97 -5.96 -5.97 -5.97
